# JRE version: OpenJDK Runtime Environment Temurin-17.0.6+10 (17.0.6+10) (build 17.0.6+10)
# Java VM: OpenJDK 64-Bit Server VM Temurin-17.0.6+10 (17.0.6+10, mixed mode, emulated-client, tiered, compressed oops, compressed class ptrs, g1 gc, windows-amd64)
GC Precious Log:
 CPUs: 8 total, 8 available
 Memory: 6021M
 Large Page Support: Disabled
 NUMA Support: Disabled
 Compressed Oops: Enabled (32-bit)
 Heap Region Size: 1M
 Heap Min Capacity: 8M
 Heap Initial Capacity: 96M
 Heap Max Capacity: 1506M
 Pre-touch: Disabled
 Parallel Workers: 8
 Concurrent Workers: 2
 Concurrent Refinement Workers: 8
 Periodic GC: Disabled
Heap:
 garbage-first heap   total 73728K, used 33462K [0x00000000a1e00000, 0x0000000100000000)
  region size 1024K, 2 young (2048K), 1 survivors (1024K)
 Metaspace       used 80694K, committed 81344K, reserved 1122304K
  class space    used 11176K, committed 11456K, reserved 1048576K
GC Heap History (20 events):
Event: 14.692 GC heap before
{Heap before GC invocations=22 (full 0):
 garbage-first heap   total 61440K, used 50079K [0x00000000a1e00000, 0x0000000100000000)
  region size 1024K, 22 young (22528K), 3 survivors (3072K)
 Metaspace       used 74846K, committed 75392K, reserved 1114112K
  class space    used 10350K, committed 10624K, reserved 1048576K
}
Event: 14.697 GC heap after
{Heap after GC invocations=23 (full 0):
 garbage-first heap   total 73728K, used 32252K [0x00000000a1e00000, 0x0000000100000000)
  region size 1024K, 2 young (2048K), 2 survivors (2048K)
 Metaspace       used 74846K, committed 75392K, reserved 1114112K
  class space    used 10350K, committed 10624K, reserved 1048576K
}
Event: 24.336 GC heap before
{Heap before GC invocations=24 (full 0):
 garbage-first heap   total 73728K, used 57852K [0x00000000a1e00000, 0x0000000100000000)
  region size 1024K, 28 young (28672K), 2 survivors (2048K)
 Metaspace       used 79597K, committed 80128K, reserved 1122304K
  class space    used 11043K, committed 11328K, reserved 1048576K
}
Event: 24.340 GC heap after
{Heap after GC invocations=25 (full 0):
 garbage-first heap   total 73728K, used 35153K [0x00000000a1e00000, 0x0000000100000000)
  region size 1024K, 4 young (4096K), 4 survivors (4096K)
 Metaspace       used 79597K, committed 80128K, reserved 1122304K
  class space    used 11043K, committed 11328K, reserved 1048576K
}
Event: 27.198 GC heap before
{Heap before GC invocations=25 (full 0):
 garbage-first heap   total 73728K, used 36177K [0x00000000a1e00000, 0x0000000100000000)
  region size 1024K, 5 young (5120K), 4 survivors (4096K)
 Metaspace       used 79604K, committed 80128K, reserved 1122304K
  class space    used 11044K, committed 11328K, reserved 1048576K
}
Event: 27.202 GC heap after
{Heap after GC invocations=26 (full 0):
 garbage-first heap   total 73728K, used 35397K [0x00000000a1e00000, 0x0000000100000000)
  region size 1024K, 1 young (1024K), 1 survivors (1024K)
 Metaspace       used 79604K, committed 80128K, reserved 1122304K
  class space    used 11044K, committed 11328K, reserved 1048576K
}
Event: 87.546 GC heap before
{Heap before GC invocations=26 (full 0):
 garbage-first heap   total 73728K, used 57925K [0x00000000a1e00000, 0x0000000100000000)
  region size 1024K, 24 young (24576K), 1 survivors (1024K)
 Metaspace       used 80770K, committed 81344K, reserved 1122304K
  class space    used 11201K, committed 11456K, reserved 1048576K
}
Event: 87.549 GC heap after
{Heap after GC invocations=27 (full 0):
 garbage-first heap   total 73728K, used 35337K [0x00000000a1e00000, 0x0000000100000000)
  region size 1024K, 1 young (1024K), 1 survivors (1024K)
 Metaspace       used 80770K, committed 81344K, reserved 1122304K
  class space    used 11201K, committed 11456K, reserved 1048576K
}
Event: 183.497 GC heap before
{Heap before GC invocations=28 (full 0):
 garbage-first heap   total 73728K, used 58889K [0x00000000a1e00000, 0x0000000100000000)
  region size 1024K, 25 young (25600K), 1 survivors (1024K)
 Metaspace       used 80576K, committed 81344K, reserved 1122304K
  class space    used 11152K, committed 11456K, reserved 1048576K
}
Event: 183.500 GC heap after
{Heap after GC invocations=29 (full 0):
 garbage-first heap   total 73728K, used 35555K [0x00000000a1e00000, 0x0000000100000000)
  region size 1024K, 1 young (1024K), 1 survivors (1024K)
 Metaspace       used 80576K, committed 81344K, reserved 1122304K
  class space    used 11152K, committed 11456K, reserved 1048576K
}
Event: 188.265 GC heap before
{Heap before GC invocations=29 (full 0):
 garbage-first heap   total 73728K, used 37603K [0x00000000a1e00000, 0x0000000100000000)
  region size 1024K, 3 young (3072K), 1 survivors (1024K)
 Metaspace       used 80599K, committed 81344K, reserved 1122304K
  class space    used 11157K, committed 11456K, reserved 1048576K
}
Event: 188.273 GC heap after
{Heap after GC invocations=30 (full 0):
 garbage-first heap   total 73728K, used 33507K [0x00000000a1e00000, 0x0000000100000000)
  region size 1024K, 1 young (1024K), 1 survivors (1024K)
 Metaspace       used 80599K, committed 81344K, reserved 1122304K
  class space    used 11157K, committed 11456K, reserved 1048576K
}
Event: 58012.825 GC heap before
{Heap before GC invocations=30 (full 0):
 garbage-first heap   total 73728K, used 59107K [0x00000000a1e00000, 0x0000000100000000)
  region size 1024K, 26 young (26624K), 1 survivors (1024K)
 Metaspace       used 80652K, committed 81344K, reserved 1122304K
  class space    used 11168K, committed 11456K, reserved 1048576K
}
Event: 58012.832 GC heap after
{Heap after GC invocations=31 (full 0):
 garbage-first heap   total 73728K, used 34451K [0x00000000a1e00000, 0x0000000100000000)
  region size 1024K, 2 young (2048K), 2 survivors (2048K)
 Metaspace       used 80652K, committed 81344K, reserved 1122304K
  class space    used 11168K, committed 11456K, reserved 1048576K
}
Event: 58151.793 GC heap before
{Heap before GC invocations=32 (full 0):
 garbage-first heap   total 73728K, used 59027K [0x00000000a1e00000, 0x0000000100000000)
  region size 1024K, 26 young (26624K), 2 survivors (2048K)
 Metaspace       used 80710K, committed 81344K, reserved 1122304K
  class space    used 11179K, committed 11456K, reserved 1048576K
}
Event: 58151.796 GC heap after
{Heap after GC invocations=33 (full 0):
 garbage-first heap   total 73728K, used 34303K [0x00000000a1e00000, 0x0000000100000000)
  region size 1024K, 2 young (2048K), 2 survivors (2048K)
 Metaspace       used 80710K, committed 81344K, reserved 1122304K
  class space    used 11179K, committed 11456K, reserved 1048576K
}
Event: 58157.767 GC heap before
{Heap before GC invocations=33 (full 0):
 garbage-first heap   total 73728K, used 35327K [0x00000000a1e00000, 0x0000000100000000)
  region size 1024K, 3 young (3072K), 2 survivors (2048K)
 Metaspace       used 80711K, committed 81344K, reserved 1122304K
  class space    used 11179K, committed 11456K, reserved 1048576K
}
Event: 58157.776 GC heap after
{Heap after GC invocations=34 (full 0):
 garbage-first heap   total 73728K, used 33550K [0x00000000a1e00000, 0x0000000100000000)
  region size 1024K, 1 young (1024K), 1 survivors (1024K)
 Metaspace       used 80711K, committed 81344K, reserved 1122304K
  class space    used 11179K, committed 11456K, reserved 1048576K
}
Event: 58312.665 GC heap before
{Heap before GC invocations=34 (full 0):
 garbage-first heap   total 73728K, used 60174K [0x00000000a1e00000, 0x0000000100000000)
  region size 1024K, 27 young (27648K), 1 survivors (1024K)
 Metaspace       used 80711K, committed 81344K, reserved 1122304K
  class space    used 11179K, committed 11456K, reserved 1048576K
}
Event: 58312.667 GC heap after
{Heap after GC invocations=35 (full 0):
 garbage-first heap   total 73728K, used 33462K [0x00000000a1e00000, 0x0000000100000000)
  region size 1024K, 1 young (1024K), 1 survivors (1024K)
 Metaspace       used 80711K, committed 81344K, reserved 1122304K
  class space    used 11179K, committed 11456K, reserved 1048576K
}

